{"C:\\Users\\avarela\\Projets\\Boucherie-Charcuterie-Vaz\\src\\app\\App.tsx": {"path":"C:\\Users\\avarela\\Projets\\Boucherie-Charcuterie-Vaz\\src\\app\\App.tsx","statementMap":{"0":{"start":{"line":11,"column":2},"end":{"line":21,"column":null}}},"fnMap":{"0":{"name":"App","decl":{"start":{"line":10,"column":24},"end":{"line":10,"column":30}},"loc":{"start":{"line":10,"column":30},"end":{"line":23,"column":null}},"line":10}},"branchMap":{},"s":{"0":2},"f":{"0":2},"b":{},"meta":{"lastBranch":0,"lastFunction":1,"lastStatement":1,"seen":{"f:10:24:10:30":0,"s:11:2:21:Infinity":0}}}
,"C:\\Users\\avarela\\Projets\\Boucherie-Charcuterie-Vaz\\src\\app\\components\\ContactSection.tsx": {"path":"C:\\Users\\avarela\\Projets\\Boucherie-Charcuterie-Vaz\\src\\app\\components\\ContactSection.tsx","statementMap":{"0":{"start":{"line":5,"column":17},"end":{"line":13,"column":null}},"1":{"start":{"line":16,"column":30},"end":{"line":16,"column":null}},"2":{"start":{"line":18,"column":23},"end":{"line":32,"column":null}},"3":{"start":{"line":19,"column":4},"end":{"line":19,"column":null}},"4":{"start":{"line":20,"column":17},"end":{"line":20,"column":null}},"5":{"start":{"line":21,"column":18},"end":{"line":21,"column":null}},"6":{"start":{"line":22,"column":20},"end":{"line":22,"column":null}},"7":{"start":{"line":24,"column":4},"end":{"line":27,"column":null}},"8":{"start":{"line":25,"column":6},"end":{"line":25,"column":null}},"9":{"start":{"line":26,"column":6},"end":{"line":26,"column":null}},"10":{"start":{"line":29,"column":20},"end":{"line":29,"column":null}},"11":{"start":{"line":30,"column":17},"end":{"line":30,"column":null}},"12":{"start":{"line":31,"column":4},"end":{"line":31,"column":null}},"13":{"start":{"line":34,"column":2},"end":{"line":208,"column":null}},"14":{"start":{"line":71,"column":18},"end":{"line":91,"column":null}},"15":{"start":{"line":115,"column":35},"end":{"line":115,"column":null}},"16":{"start":{"line":123,"column":35},"end":{"line":123,"column":null}},"17":{"start":{"line":131,"column":35},"end":{"line":131,"column":null}},"18":{"start":{"line":166,"column":18},"end":{"line":180,"column":null}}},"fnMap":{"0":{"name":"ContactSection","decl":{"start":{"line":15,"column":16},"end":{"line":15,"column":33}},"loc":{"start":{"line":15,"column":33},"end":{"line":210,"column":null}},"line":15},"1":{"name":"(anonymous_1)","decl":{"start":{"line":18,"column":23},"end":{"line":18,"column":24}},"loc":{"start":{"line":18,"column":64},"end":{"line":32,"column":null}},"line":18},"2":{"name":"(anonymous_2)","decl":{"start":{"line":70,"column":22},"end":{"line":70,"column":23}},"loc":{"start":{"line":71,"column":18},"end":{"line":91,"column":null}},"line":71},"3":{"name":"(anonymous_3)","decl":{"start":{"line":115,"column":28},"end":{"line":115,"column":29}},"loc":{"start":{"line":115,"column":35},"end":{"line":115,"column":null}},"line":115},"4":{"name":"(anonymous_4)","decl":{"start":{"line":123,"column":28},"end":{"line":123,"column":29}},"loc":{"start":{"line":123,"column":35},"end":{"line":123,"column":null}},"line":123},"5":{"name":"(anonymous_5)","decl":{"start":{"line":131,"column":28},"end":{"line":131,"column":29}},"loc":{"start":{"line":131,"column":35},"end":{"line":131,"column":null}},"line":131},"6":{"name":"(anonymous_6)","decl":{"start":{"line":165,"column":30},"end":{"line":165,"column":31}},"loc":{"start":{"line":166,"column":18},"end":{"line":180,"column":null}},"line":166}},"branchMap":{"0":{"loc":{"start":{"line":24,"column":4},"end":{"line":27,"column":null}},"type":"if","locations":[{"start":{"line":24,"column":4},"end":{"line":27,"column":null}},{"start":{},"end":{}}],"line":24},"1":{"loc":{"start":{"line":24,"column":8},"end":{"line":24,"column":37}},"type":"binary-expr","locations":[{"start":{"line":24,"column":8},"end":{"line":24,"column":17}},{"start":{"line":24,"column":17},"end":{"line":24,"column":27}},{"start":{"line":24,"column":27},"end":{"line":24,"column":37}}],"line":24},"2":{"loc":{"start":{"line":74,"column":28},"end":{"line":74,"column":null}},"type":"cond-expr","locations":[{"start":{"line":74,"column":54},"end":{"line":74,"column":65}},{"start":{"line":74,"column":65},"end":{"line":74,"column":null}}],"line":74},"3":{"loc":{"start":{"line":75,"column":25},"end":{"line":75,"column":null}},"type":"cond-expr","locations":[{"start":{"line":75,"column":51},"end":{"line":75,"column":75}},{"start":{"line":75,"column":75},"end":{"line":75,"column":null}}],"line":75},"4":{"loc":{"start":{"line":168,"column":70},"end":{"line":168,"column":118}},"type":"cond-expr","locations":[{"start":{"line":168,"column":89},"end":{"line":168,"column":105}},{"start":{"line":168,"column":105},"end":{"line":168,"column":118}}],"line":168},"5":{"loc":{"start":{"line":174,"column":60},"end":{"line":174,"column":119}},"type":"cond-expr","locations":[{"start":{"line":174,"column":79},"end":{"line":174,"column":102}},{"start":{"line":174,"column":102},"end":{"line":174,"column":119}}],"line":174},"6":{"loc":{"start":{"line":177,"column":37},"end":{"line":177,"column":null}},"type":"cond-expr","locations":[{"start":{"line":177,"column":56},"end":{"line":177,"column":94}},{"start":{"line":177,"column":94},"end":{"line":177,"column":null}}],"line":177}},"s":{"0":2,"1":7,"2":7,"3":2,"4":2,"5":2,"6":2,"7":2,"8":1,"9":1,"10":1,"11":1,"12":1,"13":7,"14":21,"15":1,"16":1,"17":1,"18":49},"f":{"0":7,"1":2,"2":21,"3":1,"4":1,"5":1,"6":49},"b":{"0":[1,1],"1":[2,1,1],"2":[7,14],"3":[7,14],"4":[7,42],"5":[7,42],"6":[7,42]},"meta":{"lastBranch":7,"lastFunction":7,"lastStatement":19,"seen":{"s:5:17:13:Infinity":0,"f:15:16:15:33":0,"s:16:30:16:Infinity":1,"s:18:23:32:Infinity":2,"f:18:23:18:24":1,"s:19:4:19:Infinity":3,"s:20:17:20:Infinity":4,"s:21:18:21:Infinity":5,"s:22:20:22:Infinity":6,"b:24:4:27:Infinity:undefined:undefined:undefined:undefined":0,"s:24:4:27:Infinity":7,"b:24:8:24:17:24:17:24:27:24:27:24:37":1,"s:25:6:25:Infinity":8,"s:26:6:26:Infinity":9,"s:29:20:29:Infinity":10,"s:30:17:30:Infinity":11,"s:31:4:31:Infinity":12,"s:34:2:208:Infinity":13,"f:70:22:70:23":2,"s:71:18:91:Infinity":14,"b:74:54:74:65:74:65:74:Infinity":2,"b:75:51:75:75:75:75:75:Infinity":3,"f:115:28:115:29":3,"s:115:35:115:Infinity":15,"f:123:28:123:29":4,"s:123:35:123:Infinity":16,"f:131:28:131:29":5,"s:131:35:131:Infinity":17,"f:165:30:165:31":6,"s:166:18:180:Infinity":18,"b:168:89:168:105:168:105:168:118":4,"b:174:79:174:102:174:102:174:119":5,"b:177:56:177:94:177:94:177:Infinity":6}}}
,"C:\\Users\\avarela\\Projets\\Boucherie-Charcuterie-Vaz\\src\\app\\components\\Footer.tsx": {"path":"C:\\Users\\avarela\\Projets\\Boucherie-Charcuterie-Vaz\\src\\app\\components\\Footer.tsx","statementMap":{"0":{"start":{"line":6,"column":12},"end":{"line":6,"column":null}},"1":{"start":{"line":7,"column":8},"end":{"line":7,"column":null}},"2":{"start":{"line":9,"column":22},"end":{"line":13,"column":null}},"3":{"start":{"line":15,"column":21},"end":{"line":20,"column":null}},"4":{"start":{"line":22,"column":16},"end":{"line":27,"column":null}},"5":{"start":{"line":29,"column":2},"end":{"line":220,"column":null}},"6":{"start":{"line":72,"column":18},"end":{"line":81,"column":null}},"7":{"start":{"line":98,"column":18},"end":{"line":106,"column":null}},"8":{"start":{"line":166,"column":16},"end":{"line":172,"column":null}}},"fnMap":{"0":{"name":"Footer","decl":{"start":{"line":5,"column":16},"end":{"line":5,"column":25}},"loc":{"start":{"line":5,"column":25},"end":{"line":222,"column":null}},"line":5},"1":{"name":"(anonymous_1)","decl":{"start":{"line":71,"column":33},"end":{"line":71,"column":34}},"loc":{"start":{"line":72,"column":18},"end":{"line":81,"column":null}},"line":72},"2":{"name":"(anonymous_2)","decl":{"start":{"line":97,"column":32},"end":{"line":97,"column":33}},"loc":{"start":{"line":98,"column":18},"end":{"line":106,"column":null}},"line":98},"3":{"name":"(anonymous_3)","decl":{"start":{"line":165,"column":25},"end":{"line":165,"column":26}},"loc":{"start":{"line":166,"column":16},"end":{"line":172,"column":null}},"line":166}},"branchMap":{"0":{"loc":{"start":{"line":168,"column":32},"end":{"line":168,"column":81}},"type":"cond-expr","locations":[{"start":{"line":168,"column":49},"end":{"line":168,"column":79}},{"start":{"line":168,"column":79},"end":{"line":168,"column":81}}],"line":168}},"s":{"0":3,"1":3,"2":3,"3":3,"4":3,"5":3,"6":9,"7":12,"8":12},"f":{"0":3,"1":9,"2":12,"3":12},"b":{"0":[3,9]},"meta":{"lastBranch":1,"lastFunction":4,"lastStatement":9,"seen":{"f:5:16:5:25":0,"s:6:12:6:Infinity":0,"s:7:8:7:Infinity":1,"s:9:22:13:Infinity":2,"s:15:21:20:Infinity":3,"s:22:16:27:Infinity":4,"s:29:2:220:Infinity":5,"f:71:33:71:34":1,"s:72:18:81:Infinity":6,"f:97:32:97:33":2,"s:98:18:106:Infinity":7,"f:165:25:165:26":3,"s:166:16:172:Infinity":8,"b:168:49:168:79:168:79:168:81":0}}}
,"C:\\Users\\avarela\\Projets\\Boucherie-Charcuterie-Vaz\\src\\app\\components\\Header.tsx": {"path":"C:\\Users\\avarela\\Projets\\Boucherie-Charcuterie-Vaz\\src\\app\\components\\Header.tsx","statementMap":{"0":{"start":{"line":7,"column":14},"end":{"line":7,"column":null}},"1":{"start":{"line":8,"column":44},"end":{"line":8,"column":null}},"2":{"start":{"line":9,"column":32},"end":{"line":9,"column":null}},"3":{"start":{"line":11,"column":4},"end":{"line":17,"column":null}},"4":{"start":{"line":12,"column":29},"end":{"line":14,"column":null}},"5":{"start":{"line":13,"column":12},"end":{"line":13,"column":null}},"6":{"start":{"line":15,"column":8},"end":{"line":15,"column":null}},"7":{"start":{"line":16,"column":8},"end":{"line":16,"column":null}},"8":{"start":{"line":16,"column":21},"end":{"line":16,"column":null}},"9":{"start":{"line":19,"column":21},"end":{"line":24,"column":null}},"10":{"start":{"line":26,"column":4},"end":{"line":166,"column":null}},"11":{"start":{"line":84,"column":32},"end":{"line":93,"column":null}},"12":{"start":{"line":109,"column":39},"end":{"line":109,"column":null}},"13":{"start":{"line":131,"column":47},"end":{"line":131,"column":null}},"14":{"start":{"line":140,"column":36},"end":{"line":153,"column":null}},"15":{"start":{"line":148,"column":59},"end":{"line":148,"column":null}}},"fnMap":{"0":{"name":"Header","decl":{"start":{"line":6,"column":16},"end":{"line":6,"column":25}},"loc":{"start":{"line":6,"column":25},"end":{"line":168,"column":null}},"line":6},"1":{"name":"(anonymous_1)","decl":{"start":{"line":11,"column":14},"end":{"line":11,"column":20}},"loc":{"start":{"line":11,"column":20},"end":{"line":17,"column":7}},"line":11},"2":{"name":"(anonymous_2)","decl":{"start":{"line":12,"column":29},"end":{"line":12,"column":35}},"loc":{"start":{"line":12,"column":35},"end":{"line":14,"column":null}},"line":12},"3":{"name":"(anonymous_3)","decl":{"start":{"line":16,"column":15},"end":{"line":16,"column":21}},"loc":{"start":{"line":16,"column":21},"end":{"line":16,"column":null}},"line":16},"4":{"name":"(anonymous_4)","decl":{"start":{"line":83,"column":42},"end":{"line":83,"column":43}},"loc":{"start":{"line":84,"column":32},"end":{"line":93,"column":null}},"line":84},"5":{"name":"(anonymous_5)","decl":{"start":{"line":109,"column":33},"end":{"line":109,"column":39}},"loc":{"start":{"line":109,"column":39},"end":{"line":109,"column":null}},"line":109},"6":{"name":"(anonymous_6)","decl":{"start":{"line":131,"column":41},"end":{"line":131,"column":47}},"loc":{"start":{"line":131,"column":47},"end":{"line":131,"column":null}},"line":131},"7":{"name":"(anonymous_7)","decl":{"start":{"line":139,"column":46},"end":{"line":139,"column":47}},"loc":{"start":{"line":140,"column":36},"end":{"line":153,"column":null}},"line":140},"8":{"name":"(anonymous_8)","decl":{"start":{"line":148,"column":53},"end":{"line":148,"column":59}},"loc":{"start":{"line":148,"column":59},"end":{"line":148,"column":null}},"line":148}},"branchMap":{"0":{"loc":{"start":{"line":32,"column":30},"end":{"line":32,"column":49}},"type":"cond-expr","locations":[{"start":{"line":32,"column":41},"end":{"line":32,"column":47}},{"start":{"line":32,"column":47},"end":{"line":32,"column":49}}],"line":32},"1":{"loc":{"start":{"line":33,"column":42},"end":{"line":33,"column":87}},"type":"cond-expr","locations":[{"start":{"line":33,"column":53},"end":{"line":33,"column":69}},{"start":{"line":33,"column":69},"end":{"line":33,"column":87}}],"line":33},"2":{"loc":{"start":{"line":55,"column":93},"end":{"line":57,"column":null}},"type":"cond-expr","locations":[{"start":{"line":56,"column":26},"end":{"line":56,"column":null}},{"start":{"line":57,"column":26},"end":{"line":57,"column":null}}],"line":55},"3":{"loc":{"start":{"line":63,"column":86},"end":{"line":63,"column":154}},"type":"cond-expr","locations":[{"start":{"line":63,"column":97},"end":{"line":63,"column":114}},{"start":{"line":63,"column":114},"end":{"line":63,"column":154}}],"line":63},"4":{"loc":{"start":{"line":71,"column":105},"end":{"line":71,"column":204}},"type":"cond-expr","locations":[{"start":{"line":71,"column":116},"end":{"line":71,"column":136}},{"start":{"line":71,"column":136},"end":{"line":71,"column":204}}],"line":71},"5":{"loc":{"start":{"line":74,"column":111},"end":{"line":74,"column":163}},"type":"cond-expr","locations":[{"start":{"line":74,"column":122},"end":{"line":74,"column":148}},{"start":{"line":74,"column":148},"end":{"line":74,"column":163}}],"line":74},"6":{"loc":{"start":{"line":87,"column":105},"end":{"line":87,"column":null}},"type":"cond-expr","locations":[{"start":{"line":87,"column":116},"end":{"line":87,"column":139}},{"start":{"line":87,"column":139},"end":{"line":87,"column":null}}],"line":87},"7":{"loc":{"start":{"line":98,"column":160},"end":{"line":100,"column":null}},"type":"cond-expr","locations":[{"start":{"line":99,"column":38},"end":{"line":99,"column":null}},{"start":{"line":100,"column":38},"end":{"line":100,"column":null}}],"line":98},"8":{"loc":{"start":{"line":110,"column":81},"end":{"line":110,"column":null}},"type":"cond-expr","locations":[{"start":{"line":110,"column":92},"end":{"line":110,"column":127}},{"start":{"line":110,"column":127},"end":{"line":110,"column":null}}],"line":110},"9":{"loc":{"start":{"line":120,"column":17},"end":{"line":163,"column":null}},"type":"binary-expr","locations":[{"start":{"line":120,"column":17},"end":{"line":120,"column":null}},{"start":{"line":121,"column":20},"end":{"line":163,"column":null}}],"line":120}},"s":{"0":7,"1":7,"2":7,"3":7,"4":5,"5":1,"6":5,"7":5,"8":5,"9":7,"10":7,"11":24,"12":0,"13":0,"14":0,"15":0},"f":{"0":7,"1":5,"2":1,"3":5,"4":24,"5":0,"6":0,"7":0,"8":0},"b":{"0":[1,5],"1":[1,5],"2":[1,5],"3":[1,5],"4":[1,5],"5":[1,5],"6":[4,20],"7":[1,5],"8":[1,5],"9":[7,0]},"meta":{"lastBranch":10,"lastFunction":9,"lastStatement":16,"seen":{"f:6:16:6:25":0,"s:7:14:7:Infinity":0,"s:8:44:8:Infinity":1,"s:9:32:9:Infinity":2,"s:11:4:17:Infinity":3,"f:11:14:11:20":1,"s:12:29:14:Infinity":4,"f:12:29:12:35":2,"s:13:12:13:Infinity":5,"s:15:8:15:Infinity":6,"s:16:8:16:Infinity":7,"f:16:15:16:21":3,"s:16:21:16:Infinity":8,"s:19:21:24:Infinity":9,"s:26:4:166:Infinity":10,"b:32:41:32:47:32:47:32:49":0,"b:33:53:33:69:33:69:33:87":1,"b:56:26:56:Infinity:57:26:57:Infinity":2,"b:63:97:63:114:63:114:63:154":3,"b:71:116:71:136:71:136:71:204":4,"b:74:122:74:148:74:148:74:163":5,"f:83:42:83:43":4,"s:84:32:93:Infinity":11,"b:87:116:87:139:87:139:87:Infinity":6,"b:99:38:99:Infinity:100:38:100:Infinity":7,"f:109:33:109:39":5,"s:109:39:109:Infinity":12,"b:110:92:110:127:110:127:110:Infinity":8,"b:120:17:120:Infinity:121:20:163:Infinity":9,"f:131:41:131:47":6,"s:131:47:131:Infinity":13,"f:139:46:139:47":7,"s:140:36:153:Infinity":14,"f:148:53:148:59":8,"s:148:59:148:Infinity":15}}}
,"C:\\Users\\avarela\\Projets\\Boucherie-Charcuterie-Vaz\\src\\app\\components\\Hero.tsx": {"path":"C:\\Users\\avarela\\Projets\\Boucherie-Charcuterie-Vaz\\src\\app\\components\\Hero.tsx","statementMap":{"0":{"start":{"line":6,"column":12},"end":{"line":6,"column":null}},"1":{"start":{"line":7,"column":18},"end":{"line":7,"column":null}},"2":{"start":{"line":10,"column":8},"end":{"line":10,"column":null}},"3":{"start":{"line":11,"column":8},"end":{"line":11,"column":null}},"4":{"start":{"line":13,"column":26},"end":{"line":18,"column":null}},"5":{"start":{"line":14,"column":28},"end":{"line":14,"column":null}},"6":{"start":{"line":15,"column":4},"end":{"line":17,"column":null}},"7":{"start":{"line":16,"column":6},"end":{"line":16,"column":null}},"8":{"start":{"line":20,"column":2},"end":{"line":113,"column":null}}},"fnMap":{"0":{"name":"Hero","decl":{"start":{"line":5,"column":16},"end":{"line":5,"column":23}},"loc":{"start":{"line":5,"column":23},"end":{"line":115,"column":null}},"line":5},"1":{"name":"(anonymous_1)","decl":{"start":{"line":13,"column":26},"end":{"line":13,"column":32}},"loc":{"start":{"line":13,"column":32},"end":{"line":18,"column":null}},"line":13}},"branchMap":{"0":{"loc":{"start":{"line":15,"column":4},"end":{"line":17,"column":null}},"type":"if","locations":[{"start":{"line":15,"column":4},"end":{"line":17,"column":null}},{"start":{},"end":{}}],"line":15}},"s":{"0":3,"1":3,"2":3,"3":3,"4":3,"5":0,"6":0,"7":0,"8":3},"f":{"0":3,"1":0},"b":{"0":[0,0]},"meta":{"lastBranch":1,"lastFunction":2,"lastStatement":9,"seen":{"f:5:16:5:23":0,"s:6:12:6:Infinity":0,"s:7:18:7:Infinity":1,"s:10:8:10:Infinity":2,"s:11:8:11:Infinity":3,"s:13:26:18:Infinity":4,"f:13:26:13:32":1,"s:14:28:14:Infinity":5,"b:15:4:17:Infinity:undefined:undefined:undefined:undefined":0,"s:15:4:17:Infinity":6,"s:16:6:16:Infinity":7,"s:20:2:113:Infinity":8}}}
,"C:\\Users\\avarela\\Projets\\Boucherie-Charcuterie-Vaz\\src\\app\\components\\MetiersSection.tsx": {"path":"C:\\Users\\avarela\\Projets\\Boucherie-Charcuterie-Vaz\\src\\app\\components\\MetiersSection.tsx","statementMap":{"0":{"start":{"line":6,"column":16},"end":{"line":31,"column":null}},"1":{"start":{"line":34,"column":38},"end":{"line":34,"column":null}},"2":{"start":{"line":36,"column":2},"end":{"line":177,"column":null}},"3":{"start":{"line":74,"column":12},"end":{"line":173,"column":null}},"4":{"start":{"line":82,"column":34},"end":{"line":82,"column":null}},"5":{"start":{"line":83,"column":32},"end":{"line":83,"column":null}}},"fnMap":{"0":{"name":"MetiersSection","decl":{"start":{"line":33,"column":16},"end":{"line":33,"column":33}},"loc":{"start":{"line":33,"column":33},"end":{"line":179,"column":null}},"line":33},"1":{"name":"(anonymous_1)","decl":{"start":{"line":73,"column":23},"end":{"line":73,"column":24}},"loc":{"start":{"line":74,"column":12},"end":{"line":173,"column":null}},"line":74},"2":{"name":"(anonymous_2)","decl":{"start":{"line":82,"column":28},"end":{"line":82,"column":34}},"loc":{"start":{"line":82,"column":34},"end":{"line":82,"column":null}},"line":82},"3":{"name":"(anonymous_3)","decl":{"start":{"line":83,"column":26},"end":{"line":83,"column":32}},"loc":{"start":{"line":83,"column":32},"end":{"line":83,"column":null}},"line":83}},"branchMap":{"0":{"loc":{"start":{"line":88,"column":36},"end":{"line":88,"column":69}},"type":"cond-expr","locations":[{"start":{"line":88,"column":61},"end":{"line":88,"column":67}},{"start":{"line":88,"column":67},"end":{"line":88,"column":69}}],"line":88},"1":{"loc":{"start":{"line":153,"column":32},"end":{"line":153,"column":66}},"type":"cond-expr","locations":[{"start":{"line":153,"column":57},"end":{"line":153,"column":61}},{"start":{"line":153,"column":61},"end":{"line":153,"column":66}}],"line":153},"2":{"loc":{"start":{"line":153,"column":75},"end":{"line":153,"column":106}},"type":"cond-expr","locations":[{"start":{"line":153,"column":100},"end":{"line":153,"column":104}},{"start":{"line":153,"column":104},"end":{"line":153,"column":106}}],"line":153},"3":{"loc":{"start":{"line":158,"column":34},"end":{"line":158,"column":73}},"type":"cond-expr","locations":[{"start":{"line":158,"column":59},"end":{"line":158,"column":71}},{"start":{"line":158,"column":71},"end":{"line":158,"column":73}}],"line":158},"4":{"loc":{"start":{"line":170,"column":34},"end":{"line":170,"column":73}},"type":"cond-expr","locations":[{"start":{"line":170,"column":59},"end":{"line":170,"column":68}},{"start":{"line":170,"column":68},"end":{"line":170,"column":73}}],"line":170}},"s":{"0":2,"1":3,"2":3,"3":9,"4":0,"5":0},"f":{"0":3,"1":9,"2":0,"3":0},"b":{"0":[0,9],"1":[0,9],"2":[0,9],"3":[0,9],"4":[0,9]},"meta":{"lastBranch":5,"lastFunction":4,"lastStatement":6,"seen":{"s:6:16:31:Infinity":0,"f:33:16:33:33":0,"s:34:38:34:Infinity":1,"s:36:2:177:Infinity":2,"f:73:23:73:24":1,"s:74:12:173:Infinity":3,"f:82:28:82:34":2,"s:82:34:82:Infinity":4,"f:83:26:83:32":3,"s:83:32:83:Infinity":5,"b:88:61:88:67:88:67:88:69":0,"b:153:57:153:61:153:61:153:66":1,"b:153:100:153:104:153:104:153:106":2,"b:158:59:158:71:158:71:158:73":3,"b:170:59:170:68:170:68:170:73":4}}}
,"C:\\Users\\avarela\\Projets\\Boucherie-Charcuterie-Vaz\\src\\app\\components\\ProduitsSection.tsx": {"path":"C:\\Users\\avarela\\Projets\\Boucherie-Charcuterie-Vaz\\src\\app\\components\\ProduitsSection.tsx","statementMap":{"0":{"start":{"line":8,"column":12},"end":{"line":8,"column":null}},"1":{"start":{"line":9,"column":38},"end":{"line":9,"column":null}},"2":{"start":{"line":10,"column":8},"end":{"line":10,"column":null}},"3":{"start":{"line":11,"column":26},"end":{"line":14,"column":null}},"4":{"start":{"line":16,"column":8},"end":{"line":16,"column":null}},"5":{"start":{"line":18,"column":19},"end":{"line":49,"column":null}},"6":{"start":{"line":51,"column":2},"end":{"line":148,"column":null}},"7":{"start":{"line":86,"column":12},"end":{"line":144,"column":null}},"8":{"start":{"line":92,"column":34},"end":{"line":92,"column":null}},"9":{"start":{"line":93,"column":32},"end":{"line":93,"column":null}}},"fnMap":{"0":{"name":"ProduitsSection","decl":{"start":{"line":7,"column":16},"end":{"line":7,"column":34}},"loc":{"start":{"line":7,"column":34},"end":{"line":150,"column":null}},"line":7},"1":{"name":"(anonymous_1)","decl":{"start":{"line":85,"column":24},"end":{"line":85,"column":25}},"loc":{"start":{"line":86,"column":12},"end":{"line":144,"column":null}},"line":86},"2":{"name":"(anonymous_2)","decl":{"start":{"line":92,"column":28},"end":{"line":92,"column":34}},"loc":{"start":{"line":92,"column":34},"end":{"line":92,"column":null}},"line":92},"3":{"name":"(anonymous_3)","decl":{"start":{"line":93,"column":26},"end":{"line":93,"column":32}},"loc":{"start":{"line":93,"column":32},"end":{"line":93,"column":null}},"line":93}},"branchMap":{"0":{"loc":{"start":{"line":103,"column":38},"end":{"line":103,"column":71}},"type":"cond-expr","locations":[{"start":{"line":103,"column":63},"end":{"line":103,"column":69}},{"start":{"line":103,"column":69},"end":{"line":103,"column":71}}],"line":103}},"s":{"0":3,"1":3,"2":3,"3":3,"4":3,"5":3,"6":3,"7":18,"8":0,"9":0},"f":{"0":3,"1":18,"2":0,"3":0},"b":{"0":[0,18]},"meta":{"lastBranch":1,"lastFunction":4,"lastStatement":10,"seen":{"f:7:16:7:34":0,"s:8:12:8:Infinity":0,"s:9:38:9:Infinity":1,"s:10:8:10:Infinity":2,"s:11:26:14:Infinity":3,"s:16:8:16:Infinity":4,"s:18:19:49:Infinity":5,"s:51:2:148:Infinity":6,"f:85:24:85:25":1,"s:86:12:144:Infinity":7,"f:92:28:92:34":2,"s:92:34:92:Infinity":8,"f:93:26:93:32":3,"s:93:32:93:Infinity":9,"b:103:63:103:69:103:69:103:71":0}}}
,"C:\\Users\\avarela\\Projets\\Boucherie-Charcuterie-Vaz\\src\\app\\components\\ScrollToTop.tsx": {"path":"C:\\Users\\avarela\\Projets\\Boucherie-Charcuterie-Vaz\\src\\app\\components\\ScrollToTop.tsx","statementMap":{"0":{"start":{"line":6,"column":32},"end":{"line":6,"column":null}},"1":{"start":{"line":7,"column":26},"end":{"line":7,"column":null}},"2":{"start":{"line":9,"column":2},"end":{"line":15,"column":null}},"3":{"start":{"line":10,"column":24},"end":{"line":12,"column":null}},"4":{"start":{"line":11,"column":6},"end":{"line":11,"column":null}},"5":{"start":{"line":14,"column":4},"end":{"line":14,"column":null}},"6":{"start":{"line":14,"column":17},"end":{"line":14,"column":null}},"7":{"start":{"line":17,"column":22},"end":{"line":22,"column":null}},"8":{"start":{"line":18,"column":4},"end":{"line":21,"column":null}},"9":{"start":{"line":24,"column":2},"end":{"line":48,"column":null}}},"fnMap":{"0":{"name":"ScrollToTop","decl":{"start":{"line":5,"column":16},"end":{"line":5,"column":30}},"loc":{"start":{"line":5,"column":30},"end":{"line":50,"column":null}},"line":5},"1":{"name":"(anonymous_1)","decl":{"start":{"line":9,"column":12},"end":{"line":9,"column":18}},"loc":{"start":{"line":9,"column":18},"end":{"line":15,"column":5}},"line":9},"2":{"name":"(anonymous_2)","decl":{"start":{"line":10,"column":53},"end":{"line":10,"column":54}},"loc":{"start":{"line":10,"column":65},"end":{"line":12,"column":5}},"line":10},"3":{"name":"(anonymous_3)","decl":{"start":{"line":14,"column":11},"end":{"line":14,"column":17}},"loc":{"start":{"line":14,"column":17},"end":{"line":14,"column":null}},"line":14},"4":{"name":"(anonymous_4)","decl":{"start":{"line":17,"column":22},"end":{"line":17,"column":28}},"loc":{"start":{"line":17,"column":28},"end":{"line":22,"column":null}},"line":17}},"branchMap":{"0":{"loc":{"start":{"line":38,"column":19},"end":{"line":38,"column":null}},"type":"cond-expr","locations":[{"start":{"line":38,"column":31},"end":{"line":38,"column":35}},{"start":{"line":38,"column":35},"end":{"line":38,"column":null}}],"line":38},"1":{"loc":{"start":{"line":39,"column":17},"end":{"line":39,"column":null}},"type":"cond-expr","locations":[{"start":{"line":39,"column":29},"end":{"line":39,"column":33}},{"start":{"line":39,"column":33},"end":{"line":39,"column":null}}],"line":39}},"s":{"0":2,"1":2,"2":2,"3":2,"4":0,"5":2,"6":2,"7":2,"8":0,"9":2},"f":{"0":2,"1":2,"2":0,"3":2,"4":0},"b":{"0":[0,2],"1":[0,2]},"meta":{"lastBranch":2,"lastFunction":5,"lastStatement":10,"seen":{"f:5:16:5:30":0,"s:6:32:6:Infinity":0,"s:7:26:7:Infinity":1,"s:9:2:15:Infinity":2,"f:9:12:9:18":1,"s:10:24:12:Infinity":3,"f:10:53:10:54":2,"s:11:6:11:Infinity":4,"s:14:4:14:Infinity":5,"f:14:11:14:17":3,"s:14:17:14:Infinity":6,"s:17:22:22:Infinity":7,"f:17:22:17:28":4,"s:18:4:21:Infinity":8,"s:24:2:48:Infinity":9,"b:38:31:38:35:38:35:38:Infinity":0,"b:39:29:39:33:39:33:39:Infinity":1}}}
,"C:\\Users\\avarela\\Projets\\Boucherie-Charcuterie-Vaz\\src\\app\\components\\ValeursSection.tsx": {"path":"C:\\Users\\avarela\\Projets\\Boucherie-Charcuterie-Vaz\\src\\app\\components\\ValeursSection.tsx","statementMap":{"0":{"start":{"line":5,"column":16},"end":{"line":26,"column":null}},"1":{"start":{"line":29,"column":2},"end":{"line":182,"column":null}},"2":{"start":{"line":126,"column":18},"end":{"line":129,"column":null}},"3":{"start":{"line":139,"column":12},"end":{"line":165,"column":null}}},"fnMap":{"0":{"name":"ValeursSection","decl":{"start":{"line":28,"column":16},"end":{"line":28,"column":33}},"loc":{"start":{"line":28,"column":33},"end":{"line":184,"column":null}},"line":28},"1":{"name":"(anonymous_1)","decl":{"start":{"line":125,"column":22},"end":{"line":125,"column":23}},"loc":{"start":{"line":126,"column":18},"end":{"line":129,"column":null}},"line":126},"2":{"name":"(anonymous_2)","decl":{"start":{"line":138,"column":23},"end":{"line":138,"column":24}},"loc":{"start":{"line":139,"column":12},"end":{"line":165,"column":null}},"line":139}},"branchMap":{},"s":{"0":2,"1":3,"2":18,"3":12},"f":{"0":3,"1":18,"2":12},"b":{},"meta":{"lastBranch":0,"lastFunction":3,"lastStatement":4,"seen":{"s:5:16:26:Infinity":0,"f:28:16:28:33":0,"s:29:2:182:Infinity":1,"f:125:22:125:23":1,"s:126:18:129:Infinity":2,"f:138:23:138:24":2,"s:139:12:165:Infinity":3}}}
}
